Using pre-set license
Built from '2021.3/staging' branch; Version is '2021.3.9f1 (ad3870b89536) revision 11352176'; Using compiler version '192829333'; Build Type 'Release'
OS: 'Windows 11  (10.0.22000) 64bit Core' Language: 'ru' Physical Memory: 16281 MB
BatchMode: 1, IsHumanControllingUs: 0, StartBugReporterOnCrash: 0, Is64bit: 1, IsPro: 1

COMMAND LINE ARGUMENTS:
C:\Program Files\Unity\Hub\Editor\2021.3.9f1\Editor\Unity.exe
-adb2
-batchMode
-noUpm
-name
AssetImportWorker0
-projectPath
F:/GitHub/3rd-person-shooter/3rd Person Survival Shooter
-logFile
Logs/AssetImportWorker0.log
-srvPort
59290
Successfully changed project path to: F:/GitHub/3rd-person-shooter/3rd Person Survival Shooter
F:/GitHub/3rd-person-shooter/3rd Person Survival Shooter
[UnityMemory] Configuration Parameters - Can be set up in boot.config
    "memorysetup-bucket-allocator-granularity=16"
    "memorysetup-bucket-allocator-bucket-count=8"
    "memorysetup-bucket-allocator-block-size=33554432"
    "memorysetup-bucket-allocator-block-count=8"
    "memorysetup-main-allocator-block-size=16777216"
    "memorysetup-thread-allocator-block-size=16777216"
    "memorysetup-gfx-main-allocator-block-size=16777216"
    "memorysetup-gfx-thread-allocator-block-size=16777216"
    "memorysetup-cache-allocator-block-size=4194304"
    "memorysetup-typetree-allocator-block-size=2097152"
    "memorysetup-profiler-bucket-allocator-granularity=16"
    "memorysetup-profiler-bucket-allocator-bucket-count=8"
    "memorysetup-profiler-bucket-allocator-block-size=33554432"
    "memorysetup-profiler-bucket-allocator-block-count=8"
    "memorysetup-profiler-allocator-block-size=16777216"
    "memorysetup-profiler-editor-allocator-block-size=1048576"
    "memorysetup-temp-allocator-size-main=16777216"
    "memorysetup-job-temp-allocator-block-size=2097152"
    "memorysetup-job-temp-allocator-block-size-background=1048576"
    "memorysetup-job-temp-allocator-reduction-small-platforms=262144"
    "memorysetup-temp-allocator-size-background-worker=32768"
    "memorysetup-temp-allocator-size-job-worker=262144"
    "memorysetup-temp-allocator-size-preload-manager=33554432"
    "memorysetup-temp-allocator-size-nav-mesh-worker=65536"
    "memorysetup-temp-allocator-size-audio-worker=65536"
    "memorysetup-temp-allocator-size-cloud-worker=32768"
    "memorysetup-temp-allocator-size-gi-baking-worker=262144"
    "memorysetup-temp-allocator-size-gfx=262144"
Refreshing native plugins compatible for Editor in 40.82 ms, found 4 plugins.
Preloading 0 native plugins for Editor in 0.00 ms.
Initialize engine version: 2021.3.9f1 (ad3870b89536)
[Subsystems] Discovering subsystems at path C:/Program Files/Unity/Hub/Editor/2021.3.9f1/Editor/Data/Resources/UnitySubsystems
[Subsystems] Discovering subsystems at path F:/GitHub/3rd-person-shooter/3rd Person Survival Shooter/Assets
GfxDevice: creating device client; threaded=0; jobified=0
Direct3D:
    Version:  Direct3D 11.0 [level 11.1]
    Renderer: NVIDIA GeForce RTX 3060 (ID=0x2504)
    Vendor:   NVIDIA
    VRAM:     12142 MB
    Driver:   31.0.15.1694
Initialize mono
Mono path[0] = 'C:/Program Files/Unity/Hub/Editor/2021.3.9f1/Editor/Data/Managed'
Mono path[1] = 'C:/Program Files/Unity/Hub/Editor/2021.3.9f1/Editor/Data/MonoBleedingEdge/lib/mono/unityjit-win32'
Mono config path = 'C:/Program Files/Unity/Hub/Editor/2021.3.9f1/Editor/Data/MonoBleedingEdge/etc'
Using monoOptions --debugger-agent=transport=dt_socket,embedding=1,server=y,suspend=n,address=127.0.0.1:56392
Begin MonoManager ReloadAssembly
Registering precompiled unity dll's ...
Register platform support module: C:/Program Files/Unity/Hub/Editor/2021.3.9f1/Editor/Data/PlaybackEngines/AndroidPlayer/UnityEditor.Android.Extensions.dll
Register platform support module: C:/Program Files/Unity/Hub/Editor/2021.3.9f1/Editor/Data/PlaybackEngines/iOSSupport/UnityEditor.iOS.Extensions.dll
Register platform support module: C:/Program Files/Unity/Hub/Editor/2021.3.9f1/Editor/Data/PlaybackEngines/WindowsStandaloneSupport/UnityEditor.WindowsStandalone.Extensions.dll
Registered in 0.004151 seconds.
Native extension for WindowsStandalone target not found
[usbmuxd] Start listen thread
[usbmuxd] Listen thread started
Native extension for iOS target not found
Native extension for Android target not found
Refreshing native plugins compatible for Editor in 47.09 ms, found 4 plugins.
Preloading 0 native plugins for Editor in 0.00 ms.
Mono: successfully reloaded assembly
- Completed reload, in  0.632 seconds
Domain Reload Profiling:
	ReloadAssembly (633ms)
		BeginReloadAssembly (69ms)
			ExecutionOrderSort (0ms)
			DisableScriptedObjects (0ms)
			BackupInstance (0ms)
			ReleaseScriptingObjects (0ms)
			CreateAndSetChildDomain (1ms)
		EndReloadAssembly (458ms)
			LoadAssemblies (68ms)
			RebuildTransferFunctionScriptingTraits (0ms)
			SetupTypeCache (118ms)
			ReleaseScriptCaches (0ms)
			RebuildScriptCaches (30ms)
			SetupLoadedEditorAssemblies (259ms)
				LogAssemblyErrors (0ms)
				InitializePlatformSupportModulesInManaged (65ms)
				SetLoadedEditorAssemblies (0ms)
				RefreshPlugins (47ms)
				BeforeProcessingInitializeOnLoad (1ms)
				ProcessInitializeOnLoadAttributes (103ms)
				ProcessInitializeOnLoadMethodAttributes (42ms)
				AfterProcessingInitializeOnLoad (0ms)
				EditorAssembliesLoaded (0ms)
			ExecutionOrderSort2 (0ms)
			AwakeInstancesAfterBackupRestoration (0ms)
Platform modules already initialized, skipping
Registering precompiled user dll's ...
Registered in 0.002157 seconds.
Begin MonoManager ReloadAssembly
Native extension for WindowsStandalone target not found
Native extension for iOS target not found
Native extension for Android target not found
Refreshing native plugins compatible for Editor in 42.96 ms, found 4 plugins.
Preloading 0 native plugins for Editor in 0.00 ms.
Mono: successfully reloaded assembly
- Completed reload, in  1.088 seconds
Domain Reload Profiling:
	ReloadAssembly (1088ms)
		BeginReloadAssembly (230ms)
			ExecutionOrderSort (0ms)
			DisableScriptedObjects (9ms)
			BackupInstance (0ms)
			ReleaseScriptingObjects (0ms)
			CreateAndSetChildDomain (132ms)
		EndReloadAssembly (741ms)
			LoadAssemblies (61ms)
			RebuildTransferFunctionScriptingTraits (0ms)
			SetupTypeCache (195ms)
			ReleaseScriptCaches (0ms)
			RebuildScriptCaches (53ms)
			SetupLoadedEditorAssemblies (383ms)
				LogAssemblyErrors (0ms)
				InitializePlatformSupportModulesInManaged (26ms)
				SetLoadedEditorAssemblies (0ms)
				RefreshPlugins (43ms)
				BeforeProcessingInitializeOnLoad (53ms)
				ProcessInitializeOnLoadAttributes (226ms)
				ProcessInitializeOnLoadMethodAttributes (31ms)
				AfterProcessingInitializeOnLoad (4ms)
				EditorAssembliesLoaded (0ms)
			ExecutionOrderSort2 (0ms)
			AwakeInstancesAfterBackupRestoration (5ms)
Platform modules already initialized, skipping
========================================================================
Worker process is ready to serve import requests
Launched and connected shader compiler UnityShaderCompiler.exe after 0.04 seconds
Refreshing native plugins compatible for Editor in 0.41 ms, found 4 plugins.
Preloading 0 native plugins for Editor in 0.00 ms.
Unloading 2374 Unused Serialized files (Serialized files now loaded: 0)
Unloading 56 unused Assets / (2.8 MB). Loaded Objects now: 2829.
Memory consumption went from 136.3 MB to 133.5 MB.
Total: 3.655300 ms (FindLiveObjects: 0.150600 ms CreateObjectMapping: 0.062200 ms MarkObjects: 2.402600 ms  DeleteObjects: 1.038500 ms)

AssetImportParameters requested are different than current active one (requested -> active):
  custom:video-decoder-ogg-theora: a1e56fd34408186e4bbccfd4996cb3dc -> 
  custom:container-muxer-webm: aa71ff27fc2769a1b78a27578f13a17b -> 
  custom:container-demuxer-webm: 4f35f7cbe854078d1ac9338744f61a02 -> 
  custom:video-encoder-webm-vp8: eb34c28f22e8b96e1ab97ce403110664 -> 
  custom:audio-encoder-webm-vorbis: bf7c407c2cedff20999df2af8eb42d56 -> 
  custom:framework-win-MediaFoundation: 216162199b28c13a410421893ffa2e32 -> 
  custom:container-demuxer-ogg: 62fdf1f143b41e24485cea50d1cbac27 -> 
  custom:video-decoder-webm-vp8: 9c59270c3fd7afecdb556c50c9e8de78 -> 
  custom:audio-decoder-ogg-vorbis: bf7c407c2cedff20999df2af8eb42d56 -> 
========================================================================
Received Import Request.
  Time since last request: 22626.573592 seconds.
  path: Assets/JMO Assets/Toony Colors/Texture/toon ramp 3 levels.png
  artifactKey: Guid(207cd7d6bdf48884581528e5cefd1cd7) Importer(815301076,1909f56bfc062723c751e8b465ee728b)
Start importing Assets/JMO Assets/Toony Colors/Texture/toon ramp 3 levels.png using Guid(207cd7d6bdf48884581528e5cefd1cd7) Importer(815301076,1909f56bfc062723c751e8b465ee728b)  -> (artifact id: '8c64d63393bc24823fe6b5167263e781') in 0.071506 seconds 
========================================================================
Received Import Request.
  Time since last request: 10.451241 seconds.
  path: Assets/JMO Assets/Toony Colors/Texture/toon ramp hard.png
  artifactKey: Guid(e76780aad0739d84b829b556d64b2e8a) Importer(815301076,1909f56bfc062723c751e8b465ee728b)
Start importing Assets/JMO Assets/Toony Colors/Texture/toon ramp hard.png using Guid(e76780aad0739d84b829b556d64b2e8a) Importer(815301076,1909f56bfc062723c751e8b465ee728b)  -> (artifact id: '7de791d305e7048dea58a26e82767ed6') in 0.016431 seconds 
========================================================================
Received Import Request.
  Time since last request: 0.000015 seconds.
  path: Assets/JMO Assets/Toony Colors/Texture/toon ramp.png
  artifactKey: Guid(4a056241e2722dc46a7262a8e7073fd9) Importer(815301076,1909f56bfc062723c751e8b465ee728b)
Start importing Assets/JMO Assets/Toony Colors/Texture/toon ramp.png using Guid(4a056241e2722dc46a7262a8e7073fd9) Importer(815301076,1909f56bfc062723c751e8b465ee728b)  -> (artifact id: 'a4442ec04e14cc901b4a1674fd7eebf2') in 0.013634 seconds 
========================================================================
Received Prepare
Registering precompiled user dll's ...
Registered in 0.001420 seconds.
Begin MonoManager ReloadAssembly
Native extension for WindowsStandalone target not found
Native extension for iOS target not found
Native extension for Android target not found
Refreshing native plugins compatible for Editor in 1.00 ms, found 4 plugins.
Preloading 0 native plugins for Editor in 0.00 ms.
Mono: successfully reloaded assembly
- Completed reload, in  0.858 seconds
Domain Reload Profiling:
	ReloadAssembly (859ms)
		BeginReloadAssembly (112ms)
			ExecutionOrderSort (0ms)
			DisableScriptedObjects (4ms)
			BackupInstance (0ms)
			ReleaseScriptingObjects (0ms)
			CreateAndSetChildDomain (26ms)
		EndReloadAssembly (648ms)
			LoadAssemblies (70ms)
			RebuildTransferFunctionScriptingTraits (0ms)
			SetupTypeCache (173ms)
			ReleaseScriptCaches (1ms)
			RebuildScriptCaches (41ms)
			SetupLoadedEditorAssemblies (329ms)
				LogAssemblyErrors (0ms)
				InitializePlatformSupportModulesInManaged (34ms)
				SetLoadedEditorAssemblies (1ms)
				RefreshPlugins (1ms)
				BeforeProcessingInitializeOnLoad (53ms)
				ProcessInitializeOnLoadAttributes (212ms)
				ProcessInitializeOnLoadMethodAttributes (25ms)
				AfterProcessingInitializeOnLoad (4ms)
				EditorAssembliesLoaded (0ms)
			ExecutionOrderSort2 (0ms)
			AwakeInstancesAfterBackupRestoration (4ms)
Platform modules already initialized, skipping
Refreshing native plugins compatible for Editor in 1.05 ms, found 4 plugins.
Preloading 0 native plugins for Editor in 0.00 ms.
Unloading 2186 Unused Serialized files (Serialized files now loaded: 0)
Unloading 55 unused Assets / (2.8 MB). Loaded Objects now: 2830.
Memory consumption went from 122.4 MB to 119.6 MB.
Total: 2.820100 ms (FindLiveObjects: 0.131500 ms CreateObjectMapping: 0.058900 ms MarkObjects: 1.888100 ms  DeleteObjects: 0.740700 ms)

AssetImportParameters requested are different than current active one (requested -> active):
  custom:video-decoder-ogg-theora: a1e56fd34408186e4bbccfd4996cb3dc -> 
  custom:container-muxer-webm: aa71ff27fc2769a1b78a27578f13a17b -> 
  custom:container-demuxer-webm: 4f35f7cbe854078d1ac9338744f61a02 -> 
  custom:video-encoder-webm-vp8: eb34c28f22e8b96e1ab97ce403110664 -> 
  custom:audio-encoder-webm-vorbis: bf7c407c2cedff20999df2af8eb42d56 -> 
  custom:framework-win-MediaFoundation: 216162199b28c13a410421893ffa2e32 -> 
  custom:container-demuxer-ogg: 62fdf1f143b41e24485cea50d1cbac27 -> 
  custom:video-decoder-webm-vp8: 9c59270c3fd7afecdb556c50c9e8de78 -> 
  custom:audio-decoder-ogg-vorbis: bf7c407c2cedff20999df2af8eb42d56 -> 
========================================================================
Received Import Request.
  Time since last request: 69.741160 seconds.
  path: Assets/JMO Assets/Toony Colors
  artifactKey: Guid(9d596ffb34855af43beaaf62d3c89fba) Importer(815301076,1909f56bfc062723c751e8b465ee728b)
Start importing Assets/JMO Assets/Toony Colors using Guid(9d596ffb34855af43beaaf62d3c89fba) Importer(815301076,1909f56bfc062723c751e8b465ee728b)  -> (artifact id: 'fe3641907d72ed0427a69490908bf6b3') in 0.006311 seconds 
========================================================================
Received Import Request.
  Time since last request: 10.258395 seconds.
  path: Assets/JMO Assets/Toony Colors Pro/Editor/ToonyColorsPro.Editor.asmdef
  artifactKey: Guid(e84903c99dcf3d24abd6e7173d27f137) Importer(815301076,1909f56bfc062723c751e8b465ee728b)
Start importing Assets/JMO Assets/Toony Colors Pro/Editor/ToonyColorsPro.Editor.asmdef using Guid(e84903c99dcf3d24abd6e7173d27f137) Importer(815301076,1909f56bfc062723c751e8b465ee728b)  -> (artifact id: 'e11a4687fb46dc74bdc84122e0c5cea4') in 0.006422 seconds 
========================================================================
Received Import Request.
  Time since last request: 2.933237 seconds.
  path: Assets/JMO Assets/Toony Colors Pro/Scripts/ToonyColorsPro.Runtime.asmdef
  artifactKey: Guid(cbba45b94392f074d8497831a104abf9) Importer(815301076,1909f56bfc062723c751e8b465ee728b)
Start importing Assets/JMO Assets/Toony Colors Pro/Scripts/ToonyColorsPro.Runtime.asmdef using Guid(cbba45b94392f074d8497831a104abf9) Importer(815301076,1909f56bfc062723c751e8b465ee728b)  -> (artifact id: '4aa9e2e685b948cde66d14d8f709c04e') in 0.003743 seconds 
========================================================================
Received Import Request.
  Time since last request: 15.039556 seconds.
  path: Assets/Content/Materials/Eyes.mat
  artifactKey: Guid(c8e77b158c9cc0148a5458329d79408d) Importer(815301076,1909f56bfc062723c751e8b465ee728b)
Start importing Assets/Content/Materials/Eyes.mat using Guid(c8e77b158c9cc0148a5458329d79408d) Importer(815301076,1909f56bfc062723c751e8b465ee728b)  -> (artifact id: '47f6ba2c510f9fd7e40e201f456f5249') in 0.082110 seconds 
========================================================================
Received Import Request.
  Time since last request: 0.000015 seconds.
  path: Assets/Content/Materials/Walls.mat
  artifactKey: Guid(834ff0303565e09408100a2ff03c3433) Importer(815301076,1909f56bfc062723c751e8b465ee728b)
Start importing Assets/Content/Materials/Walls.mat using Guid(834ff0303565e09408100a2ff03c3433) Importer(815301076,1909f56bfc062723c751e8b465ee728b)  -> (artifact id: 'aab7374738010a8cc32c0741c13e23ce') in 0.013386 seconds 
========================================================================
Received Import Request.
  Time since last request: 0.451442 seconds.
  path: Assets/Content/Materials
  artifactKey: Guid(3974e197eecf1ce40bd3523dd7cfed9f) Importer(815301076,1909f56bfc062723c751e8b465ee728b)
Start importing Assets/Content/Materials using Guid(3974e197eecf1ce40bd3523dd7cfed9f) Importer(815301076,1909f56bfc062723c751e8b465ee728b)  -> (artifact id: 'ce0976b5645665eb8ed8828a39b34ed6') in 0.003993 seconds 
========================================================================
Received Import Request.
  Time since last request: 7.831937 seconds.
  path: Assets/Content/Materials/New Material.mat
  artifactKey: Guid(ab3b0b3032f402c42b18f3026a2c290b) Importer(815301076,1909f56bfc062723c751e8b465ee728b)
Start importing Assets/Content/Materials/New Material.mat using Guid(ab3b0b3032f402c42b18f3026a2c290b) Importer(815301076,1909f56bfc062723c751e8b465ee728b)  -> (artifact id: '505eb5754a5f602567861026869c47ac') in 0.019490 seconds 
========================================================================
Received Import Request.
  Time since last request: 24.944973 seconds.
  path: Assets/JMO Assets/Toony Colors Pro/Demo TCP2/TCP2 Code Injection Example.cginc
  artifactKey: Guid(704f8199f84e6f74aba12ec7e51be141) Importer(815301076,1909f56bfc062723c751e8b465ee728b)
Start importing Assets/JMO Assets/Toony Colors Pro/Demo TCP2/TCP2 Code Injection Example.cginc using Guid(704f8199f84e6f74aba12ec7e51be141) Importer(815301076,1909f56bfc062723c751e8b465ee728b)  -> (artifact id: '8f73cf2bdbd63c435e49f5a10a86f0e9') in 0.012811 seconds 
========================================================================
Received Import Request.
  Time since last request: 11.245169 seconds.
  path: Assets/JMO Assets/Toony Colors Pro/Shaders/Hybrid 2/TCP2 Hybrid 2 Include.cginc
  artifactKey: Guid(713b08ac1d2cac14381c2448b96e808f) Importer(815301076,1909f56bfc062723c751e8b465ee728b)
Start importing Assets/JMO Assets/Toony Colors Pro/Shaders/Hybrid 2/TCP2 Hybrid 2 Include.cginc using Guid(713b08ac1d2cac14381c2448b96e808f) Importer(815301076,1909f56bfc062723c751e8b465ee728b)  -> (artifact id: '7f6436d1eb9f1499d02d9273b426e492') in 0.009824 seconds 
